<?xml version="1.0" encoding="UTF-8"?>
<!-- Generated by org.testng.reporters.JUnitXMLReporter -->
<testsuite ignored="7" hostname="Danielas-Air.lan" failures="0" tests="2" name="groupingtest" time="0.052" errors="0" timestamp="2022-03-17T20:33:06 CDT">
  <testcase classname="day37.GroupingDemo" name="loginByfacebook" time="0.009"/>
  <testcase classname="day37.GroupingDemo" name="loginBytwitter" time="0.001"/>
  <testcase classname="day37.GroupingDemo" name="paymentReturnByBank" time="0.0">
    <ignored/>
  </testcase> <!-- paymentReturnByBank -->
  <testcase classname="day37.GroupingDemo" name="signUpFacebook" time="0.0">
    <ignored/>
  </testcase> <!-- signUpFacebook -->
  <testcase classname="day37.GroupingDemo" name="signUptwitter" time="0.0">
    <ignored/>
  </testcase> <!-- signUptwitter -->
  <testcase classname="day37.GroupingDemo" name="signUpemail" time="0.0">
    <ignored/>
  </testcase> <!-- signUpemail -->
  <testcase classname="day37.GroupingDemo" name="paymentIndollar" time="0.0">
    <ignored/>
  </testcase> <!-- paymentIndollar -->
  <testcase classname="day37.GroupingDemo" name="loginByEmail" time="0.0">
    <ignored/>
  </testcase> <!-- loginByEmail -->
  <testcase classname="day37.GroupingDemo" name="paymentInRupees" time="0.0">
    <ignored/>
  </testcase> <!-- paymentInRupees -->
</testsuite> <!-- groupingtest -->
