<?xml version="1.0" encoding="UTF-8"?>
<!-- Generated by org.testng.reporters.JUnitXMLReporter -->
<testsuite ignored="0" hostname="Danielas-MacBook-Air.local" failures="0" tests="3" name="Default test" time="7.409" errors="0" timestamp="2022-03-25T11:06:58 MDT">
  <testcase classname="day42.TakesScreenshotDemo" name="fullpagescreenshot" time="0.767"/>
  <testcase classname="day42.TakesScreenshotDemo" name="specificElementScreenshot" time="0.065"/>
  <testcase classname="day42.TakesScreenshotDemo" name="specificSectionScreenshot" time="0.325"/>
</testsuite> <!-- Default test -->
