<?xml version="1.0" encoding="UTF-8"?>
<!-- Generated by org.testng.reporters.JUnitXMLReporter -->
<testsuite ignored="0" hostname="Danielas-MacBook-Air.local" failures="0" tests="3" name="Default test" time="23.383" errors="0" timestamp="2022-03-24T17:08:01 MDT">
  <testcase classname="day41.HeadlessModeTesting" name="headlessChrome" time="4.982"/>
  <testcase classname="day41.HeadlessModeTesting" name="headlessEdge" time="13.065"/>
  <testcase classname="day41.HeadlessModeTesting" name="headlessFirefox" time="5.277"/>
</testsuite> <!-- Default test -->
