<?xml version="1.0" encoding="UTF-8"?>
<!-- Generated by org.testng.reporters.JUnitXMLReporter -->
<testsuite ignored="0" hostname="Danielas-Air.lan" failures="0" tests="3" name="Default test" time="5.847" errors="0" timestamp="2022-03-16T11:22:27 CDT">
  <testcase classname="day35.SecondTestCase" name="openApp" time="3.476"/>
  <testcase classname="day35.SecondTestCase" name="login" time="2.252"/>
  <testcase classname="day35.SecondTestCase" name="closeApp" time="0.082"/>
</testsuite> <!-- Default test -->
