<?xml version="1.0" encoding="UTF-8"?>
<!-- Generated by org.testng.reporters.JUnitXMLReporter -->
<testsuite ignored="0" hostname="Danielas-MacBook-Air.local" failures="1" tests="3" name="Test" time="13.136" errors="0" timestamp="2022-03-22T16:59:18 MDT">
  <testcase classname="day39.extentreports.LoginTest" name="testLogo" time="0.081"/>
  <testcase classname="day39.extentreports.LoginTest" name="testLogin" time="7.163">
    <failure type="java.lang.AssertionError" message="expected [false] but found [true]">
      <![CDATA[java.lang.AssertionError: expected [false] but found [true]
at day39.extentreports.LoginTest.testLogin(LoginTest.java:58)
at java.base/java.util.ArrayList.forEach(ArrayList.java:1511)
... Removed 33 stack frames]]>
    </failure>
  </testcase> <!-- testLogin -->
  <testcase classname="day39.extentreports.LoginTest" name="testLogout" time="0.0">
    <skipped/>
  </testcase> <!-- testLogout -->
</testsuite> <!-- Test -->
