<?xml version="1.0" encoding="UTF-8"?>
<testng-results ignored="0" total="1" passed="1" failed="0" skipped="0">
  <reporter-output>
  </reporter-output>
  <suite started-at="2022-03-21T18:48:43 MDT" name="Default suite" finished-at="2022-03-21T18:48:43 MDT" duration-ms="52">
    <groups>
    </groups>
    <test started-at="2022-03-21T18:48:43 MDT" name="Default test" finished-at="2022-03-21T18:48:43 MDT" duration-ms="52">
      <class name="day38.HardVsSoftAssertions">
        <test-method signature="test_softassertion()[pri:0, instance:day38.HardVsSoftAssertions@18d87d80]" started-at="2022-03-21T18:48:43 MDT" name="test_softassertion" finished-at="2022-03-21T18:48:43 MDT" duration-ms="10" status="PASS">
          <reporter-output>
          </reporter-output>
        </test-method> <!-- test_softassertion -->
      </class> <!-- day38.HardVsSoftAssertions -->
    </test> <!-- Default test -->
  </suite> <!-- Default suite -->
</testng-results>
