<?xml version="1.0" encoding="UTF-8"?>
<testng-results ignored="6" total="9" passed="3" failed="0" skipped="0">
  <reporter-output>
  </reporter-output>
  <suite started-at="2022-03-17T20:29:37 CDT" name="mysuite" finished-at="2022-03-17T20:29:37 CDT" duration-ms="53">
    <groups>
      <group name="sanity">
        <method signature="GroupingDemo.loginByfacebook()[pri:2, instance:day37.GroupingDemo@21e360a]" name="loginByfacebook" class="day37.GroupingDemo"/>
        <method signature="GroupingDemo.loginBytwitter()[pri:3, instance:day37.GroupingDemo@21e360a]" name="loginBytwitter" class="day37.GroupingDemo"/>
        <method signature="GroupingDemo.paymentIndollar()[pri:8, instance:day37.GroupingDemo@21e360a]" name="paymentIndollar" class="day37.GroupingDemo"/>
      </group> <!-- sanity -->
    </groups>
    <test started-at="2022-03-17T20:29:37 CDT" name="groupingtest" finished-at="2022-03-17T20:29:37 CDT" duration-ms="53">
      <class name="day37.GroupingDemo">
        <test-method signature="loginByfacebook()[pri:2, instance:day37.GroupingDemo@21e360a]" started-at="2022-03-17T20:29:37 CDT" name="loginByfacebook" finished-at="2022-03-17T20:29:37 CDT" duration-ms="8" status="PASS">
          <reporter-output>
          </reporter-output>
        </test-method> <!-- loginByfacebook -->
        <test-method signature="loginBytwitter()[pri:3, instance:day37.GroupingDemo@21e360a]" started-at="2022-03-17T20:29:37 CDT" name="loginBytwitter" finished-at="2022-03-17T20:29:37 CDT" duration-ms="1" status="PASS">
          <reporter-output>
          </reporter-output>
        </test-method> <!-- loginBytwitter -->
        <test-method signature="paymentIndollar()[pri:8, instance:day37.GroupingDemo@21e360a]" started-at="2022-03-17T20:29:37 CDT" name="paymentIndollar" finished-at="2022-03-17T20:29:37 CDT" duration-ms="1" status="PASS">
          <reporter-output>
          </reporter-output>
        </test-method> <!-- paymentIndollar -->
      </class> <!-- day37.GroupingDemo -->
    </test> <!-- groupingtest -->
  </suite> <!-- mysuite -->
</testng-results>
